<?xml version="1.0" encoding="UTF-8"?>
<testng-results skipped="0" failed="0" total="3" passed="3">
  <reporter-output>
  </reporter-output>
  <suite name="TestNG suite" duration-ms="25973" started-at="2017-12-02T04:59:04Z" finished-at="2017-12-02T04:59:30Z">
    <groups>
    </groups>
    <test name="DataDriven test" duration-ms="16908" started-at="2017-12-02T04:59:04Z" finished-at="2017-12-02T04:59:21Z">
      <class name="com.TestNG.NewTours_NewUserRegistration_Data_Driven_Excel">
        <test-method status="PASS" signature="SetUp()[pri:0, instance:com.TestNG.NewTours_NewUserRegistration_Data_Driven_Excel@215be6bb]" name="SetUp" is-config="true" duration-ms="6891" started-at="2017-12-01T21:59:04Z" finished-at="2017-12-01T21:59:11Z">
          <reporter-output>
          </reporter-output>
        </test-method> <!-- SetUp -->
        <test-method status="PASS" signature="Register()[pri:1, instance:com.TestNG.NewTours_NewUserRegistration_Data_Driven_Excel@215be6bb]" name="Register" duration-ms="363" started-at="2017-12-01T21:59:11Z" finished-at="2017-12-01T21:59:11Z">
          <reporter-output>
          </reporter-output>
        </test-method> <!-- Register -->
        <test-method status="PASS" signature="NewUserRegistration()[pri:2, instance:com.TestNG.NewTours_NewUserRegistration_Data_Driven_Excel@215be6bb]" name="NewUserRegistration" duration-ms="9230" started-at="2017-12-01T21:59:11Z" finished-at="2017-12-01T21:59:21Z">
          <reporter-output>
          </reporter-output>
        </test-method> <!-- NewUserRegistration -->
        <test-method status="PASS" signature="tearDown()[pri:0, instance:com.TestNG.NewTours_NewUserRegistration_Data_Driven_Excel@215be6bb]" name="tearDown" is-config="true" duration-ms="389" started-at="2017-12-01T21:59:21Z" finished-at="2017-12-01T21:59:21Z">
          <reporter-output>
          </reporter-output>
        </test-method> <!-- tearDown -->
      </class> <!-- com.TestNG.NewTours_NewUserRegistration_Data_Driven_Excel -->
    </test> <!-- DataDriven test -->
    <test name="LogIn test" duration-ms="9034" started-at="2017-12-02T04:59:21Z" finished-at="2017-12-02T04:59:30Z">
      <class name="com.TestNG.NewToursApplication_LogInTest">
        <test-method status="PASS" signature="SetUp()[pri:0, instance:com.TestNG.NewToursApplication_LogInTest@2a2d45ba]" name="SetUp" is-config="true" duration-ms="5789" started-at="2017-12-01T21:59:21Z" finished-at="2017-12-01T21:59:27Z">
          <reporter-output>
          </reporter-output>
        </test-method> <!-- SetUp -->
        <test-method status="PASS" signature="LogIn()[pri:0, instance:com.TestNG.NewToursApplication_LogInTest@2a2d45ba]" name="LogIn" duration-ms="3217" started-at="2017-12-01T21:59:27Z" finished-at="2017-12-01T21:59:30Z">
          <reporter-output>
          </reporter-output>
        </test-method> <!-- LogIn -->
        <test-method status="PASS" signature="TearDown()[pri:0, instance:com.TestNG.NewToursApplication_LogInTest@2a2d45ba]" name="TearDown" is-config="true" duration-ms="25" started-at="2017-12-01T21:59:30Z" finished-at="2017-12-01T21:59:30Z">
          <reporter-output>
          </reporter-output>
        </test-method> <!-- TearDown -->
      </class> <!-- com.TestNG.NewToursApplication_LogInTest -->
    </test> <!-- LogIn test -->
  </suite> <!-- TestNG suite -->
</testng-results>
