<?xml version="1.0" encoding="UTF-8"?>
<!-- Generated by org.testng.reporters.JUnitXMLReporter -->
<testsuite hostname="DESKTOP-QUMN5RU" name="DataDriven test" tests="2" failures="0" timestamp="2 Dec 2017 04:59:21 GMT" time="16.908" errors="0">
  <testcase name="Register" time="0.363" classname="com.TestNG.NewTours_NewUserRegistration_Data_Driven_Excel"/>
  <testcase name="NewUserRegistration" time="9.23" classname="com.TestNG.NewTours_NewUserRegistration_Data_Driven_Excel"/>
</testsuite> <!-- DataDriven test -->
